C:\Users\vgodr\Google Drive\Sécu 43\Plan\Plan 24h - 43eme.dwg,Entree,24/12/2016 14:38:57,vgodr,PublishToWeb PNG.pc3,Format de papier précédent  (2480.50 x 3508.00 pixels),300:1,
C:\Users\vgodr\Google Drive\Sécu 43\Plan\Plan 24h - 43eme.dwg,Entree,24/12/2016 14:40:57,vgodr,PublishToWeb PNG.pc3,Format de papier précédent  (2480.50 x 3508.00 pixels),300:1,
C:\Users\vgodr\Google Drive\Sécu 43\Plan\Plan 24h - 43eme.dwg,Entree,24/12/2016 14:41:51,vgodr,PublishToWeb PNG.pc3,Format de papier précédent  (2480.50 x 3508.00 pixels),300:1,
C:\Users\vgodr\Google Drive\Sécu 43\Plan\Plan 24h - 43eme.dwg,Espace Resto,24/12/2016 15:16:28,vgodr,PublishToWeb PNG.pc3,Format de papier précédent  (2480.50 x 3508.00 pixels),300:1,
C:\Users\vgodr\Google Drive\Sécu 43\Plan\Plan 24h - 43eme.dwg,3e Scene - Secu Incendie,26/12/2016 21:58:58,vgodr,DWG To PDF.pc3,ISO full bleed A4 (210.00 x 297.00 mm),1:0.0393701,
C:\Users\vgodr\Google Drive\Sécu 43\Plan\Plan_24h_43eme.dwg,Plan_ERP,27/12/2016 00:27:28,vgodr,PublishToWeb JPG.pc3,Format de papier précédent  (2480.50 x 3508.00 pixels),300:1,
C:\Users\vgodr\Google Drive\Sécu 43\Plan\Plan_24h_43eme.dwg,Plan_de_situation,27/12/2016 00:34:08,vgodr,PublishToWeb PNG.pc3,Format de papier précédent  (2480.50 x 3508.00 pixels),3000.01:1,
C:\Users\vgodr\Google Drive\Sécu 43\Plan\Plan_24h_43eme.dwg,Plan_ERP,27/12/2016 00:34:12,vgodr,PublishToWeb PNG.pc3,Format de papier précédent  (2480.50 x 3508.00 pixels),300:1,
C:\Users\vgodr\Google Drive\Sécu 43\Plan\Plan_24h_43eme.dwg,Photos_Zone,27/12/2016 00:34:21,vgodr,PublishToWeb PNG.pc3,Format de papier précédent  (2480.50 x 3508.00 pixels),300:1,
C:\Users\vgodr\Google Drive\Sécu 43\Plan\Plan_24h_43eme.dwg,Cotes,27/12/2016 00:34:30,vgodr,PublishToWeb PNG.pc3,Format de papier précédent  (2480.50 x 3508.00 pixels),300:1,
C:\Users\vgodr\Google Drive\Sécu 43\Plan\Plan_24h_43eme.dwg,Accès_Pompiers,27/12/2016 00:34:39,vgodr,PublishToWeb PNG.pc3,Format de papier précédent  (2480.50 x 3508.00 pixels),300:1,
C:\Users\vgodr\Google Drive\Sécu 43\Plan\Plan_24h_43eme.dwg,IS,27/12/2016 00:34:48,vgodr,PublishToWeb PNG.pc3,Format de papier précédent  (2480.50 x 3508.00 pixels),300:1,
C:\Users\vgodr\Google Drive\Sécu 43\Plan\Plan_24h_43eme.dwg,Blocs_Phares,27/12/2016 00:34:57,vgodr,PublishToWeb PNG.pc3,Format de papier précédent  (2480.50 x 3508.00 pixels),300:1,
C:\Users\vgodr\Google Drive\Sécu 43\Plan\Plan_24h_43eme.dwg,Extincteurs,27/12/2016 00:35:06,vgodr,PublishToWeb PNG.pc3,Format de papier précédent  (2480.50 x 3508.00 pixels),300:1,
C:\Users\vgodr\Google Drive\Sécu 43\Plan\Plan_24h_43eme.dwg,SSIAP,27/12/2016 00:35:14,vgodr,PublishToWeb PNG.pc3,Format de papier précédent  (2480.50 x 3508.00 pixels),300:1,
C:\Users\vgodr\Google Drive\Sécu 43\Plan\Plan_24h_43eme.dwg,Entree,27/12/2016 00:35:22,vgodr,PublishToWeb PNG.pc3,Format de papier précédent  (2480.50 x 3508.00 pixels),300:1,
C:\Users\vgodr\Google Drive\Sécu 43\Plan\Plan_24h_43eme.dwg,Entree_IS,27/12/2016 00:35:30,vgodr,PublishToWeb PNG.pc3,Format de papier précédent  (2480.50 x 3508.00 pixels),300:1,
C:\Users\vgodr\Google Drive\Sécu 43\Plan\Plan_24h_43eme.dwg,Entree_Degagements,27/12/2016 00:35:35,vgodr,PublishToWeb PNG.pc3,Format de papier précédent  (2480.50 x 3508.00 pixels),300:1,
C:\Users\vgodr\Google Drive\Sécu 43\Plan\Plan_24h_43eme.dwg,Entree_PMR,27/12/2016 00:35:42,vgodr,PublishToWeb PNG.pc3,Format de papier précédent  (2480.50 x 3508.00 pixels),300:1,
C:\Users\vgodr\Google Drive\Sécu 43\Plan\Plan_24h_43eme.dwg,Espace_Resto,27/12/2016 00:35:47,vgodr,PublishToWeb PNG.pc3,Format de papier précédent  (2480.50 x 3508.00 pixels),300:1,
C:\Users\vgodr\Google Drive\Sécu 43\Plan\Plan_24h_43eme.dwg,Espace_Resto_Cotes,27/12/2016 00:35:54,vgodr,PublishToWeb PNG.pc3,Format de papier précédent  (2480.50 x 3508.00 pixels),300:1,
C:\Users\vgodr\Google Drive\Sécu 43\Plan\Plan_24h_43eme.dwg,3e_Scene,27/12/2016 00:35:59,vgodr,PublishToWeb PNG.pc3,Format de papier précédent  (2480.50 x 3508.00 pixels),300:1,
C:\Users\vgodr\Google Drive\Sécu 43\Plan\Plan_24h_43eme.dwg,3e_Scene_Cotes,27/12/2016 00:36:04,vgodr,PublishToWeb PNG.pc3,Format de papier précédent  (2480.50 x 3508.00 pixels),300:1,
C:\Users\vgodr\Google Drive\Sécu 43\Plan\Plan_24h_43eme.dwg,3e_Scene_Secu_Incendie,27/12/2016 00:36:09,vgodr,PublishToWeb PNG.pc3,Format de papier précédent  (2480.50 x 3508.00 pixels),300:1,
C:\Users\vgodr\Google Drive\Sécu 43\Plan\Plan_24h_43eme.dwg,3e_Scene_Circ Autour,27/12/2016 00:36:13,vgodr,PublishToWeb PNG.pc3,Format de papier précédent  (2480.50 x 3508.00 pixels),300:1,
C:\Users\vgodr\Google Drive\Sécu 43\Plan\Plan_24h_43eme.dwg,PCO_PMA,27/12/2016 00:36:19,vgodr,PublishToWeb PNG.pc3,Format de papier précédent  (2480.50 x 3508.00 pixels),300:1,
C:\Users\vgodr\Google Drive\Sécu 43\Plan\Plan_24h_43eme.dwg,Entree_Etapes,27/12/2016 00:36:25,vgodr,PublishToWeb PNG.pc3,Format de papier précédent  (2480.50 x 3508.00 pixels),300:1,
C:\Users\vgodr\Google Drive\Sécu 43\Plan\Plan_24h_43eme.dwg,Protection_Bat,27/12/2016 00:36:30,vgodr,PublishToWeb PNG.pc3,Format de papier précédent  (2480.50 x 3508.00 pixels),300:1,
C:\Users\vgodr\Google Drive\Sécu 43\Plan\Plan_24h_43eme.dwg,AS_Nuit,27/12/2016 00:36:36,vgodr,PublishToWeb PNG.pc3,Format de papier précédent  (2480.50 x 3508.00 pixels),300:1,
C:\Users\vgodr\Google Drive\Sécu 43\Plan\Plan_24h_43eme.dwg,Parcours_courses,27/12/2016 00:36:44,vgodr,PublishToWeb PNG.pc3,Format de papier précédent  (2480.50 x 3508.00 pixels),300:1,
C:\Users\vgodr\Google Drive\Sécu 43\Plan\Plan_24h_43eme.dwg,ERP_Dimanche,27/12/2016 00:36:54,vgodr,PublishToWeb PNG.pc3,Format de papier précédent  (2480.50 x 3508.00 pixels),300:1,
C:\Users\vgodr\Google Drive\Sécu 43\Plan\Plan_24h_43eme.dwg,AS_Dimanche,27/12/2016 00:37:00,vgodr,PublishToWeb PNG.pc3,Format de papier précédent  (2480.50 x 3508.00 pixels),300:1,
C:\Users\vgodr\Google Drive\Sécu 43\Plan\Plan_24h_43eme.dwg,Dimanche_IS,27/12/2016 00:37:06,vgodr,PublishToWeb PNG.pc3,Format de papier précédent  (2480.50 x 3508.00 pixels),300:1,
C:\Users\vgodr\Google Drive\Sécu 43\Plan\Plan_24h_43eme.dwg,Acces_PMR_ac_Billet,27/12/2016 00:37:12,vgodr,PublishToWeb PNG.pc3,Format de papier précédent  (2480.50 x 3508.00 pixels),300:1,
C:\Users\vgodr\Google Drive\Sécu 43\Plan\Plan_24h_43eme.dwg,Acces_PMR_Rampe,27/12/2016 00:37:17,vgodr,PublishToWeb PNG.pc3,Format de papier précédent  (2480.50 x 3508.00 pixels),300:1,
C:\Users\vgodr\Google Drive\Sécu 43\Plan\Plan_24h_43eme.dwg,PMR_buvette_toilette,27/12/2016 00:37:23,vgodr,PublishToWeb PNG.pc3,Format de papier précédent  (2480.50 x 3508.00 pixels),300:1,
C:\Users\vgodr\Google Drive\Sécu 43\Plan\Plan_24h_43eme.dwg,PMR_buvette_toilette,27/12/2016 00:38:54,vgodr,PublishToWeb PNG.pc3,Format de papier précédent  (2480.50 x 3508.00 pixels),300:1,
C:\Users\vgodr\Google Drive\Sécu 43\Plan\Plan_24h_43eme.dwg,PMR_buvette_toilette,27/12/2016 00:39:38,vgodr,PublishToWeb JPG.pc3,Format de papier précédent  (2480.50 x 3508.00 pixels),300:1,
C:\Users\vgodr\Google Drive\Sécu 43\Plan\Plan_24h_43eme.dwg,PMR_buvette_toilette,27/12/2016 00:42:08,vgodr,PublishToWeb PNG.pc3,Format de papier précédent  (2480.50 x 3508.00 pixels),300:1,
C:\Users\vgodr\Google Drive\Sécu 43\Plan\Plan_24h_43eme.dwg,PMR_buvette_toilette,27/12/2016 00:42:32,vgodr,PublishToWeb PNG.pc3,Format de papier précédent  (2480.50 x 3508.00 pixels),300:1,
C:\Users\vgodr\Google Drive\Sécu 43\Plan\Plan_24h_43eme.dwg,PMR_buvette_toilette,27/12/2016 00:45:33,vgodr,PublishToWeb PNG.pc3,Format de papier précédent  (2480.50 x 3508.00 pixels),300:1,
C:\Users\vgodr\Google Drive\Sécu 43\Plan\Plan_24h_43eme.dwg,Plan_ERP,27/12/2016 00:46:22,vgodr,PublishToWeb PNG.pc3,Format de papier précédent  (2480.50 x 3508.00 pixels),300:1,
C:\Users\vgodr\Google Drive\Sécu 43\Plan\Plan_24h_43eme.dwg,Plan_ERP,27/12/2016 00:49:37,vgodr,DWG To PDF.pc3,ISO full bleed A4 (210.00 x 297.00 mm),25.4:1,
